<?xml version="1.0"?><coverage lines-covered="890" lines-valid="1171" line-rate="0.7600341588385995" branches-covered="0" branches-valid="0" branch-rate="0" complexity="0" version="1.9" timestamp="1767624806"><sources><source>/home/lucac/github/sql-traits</source></sources><packages><package name="src/structs/generic_db/sqlparser" line-rate="0.6666666666666666" branch-rate="0" complexity="0"><classes><class name="functions_in_expression" filename="src/structs/generic_db/sqlparser/functions_in_expression.rs" line-rate="0.6666666666666666" branch-rate="0" complexity="0"><methods/><lines><line number="9" hits="159"/><line number="13" hits="318"/><line number="15" hits="159"/><line number="16" hits="10"/><line number="18" hits="30"/><line number="21" hits="66"/><line number="24" hits="20"/><line number="25" hits="20"/><line number="26" hits="0"/><line number="27" hits="0"/><line number="28" hits="0"/><line number="29" hits="0"/><line number="31" hits="0"/><line number="32" hits="10"/><line number="33" hits="10"/><line number="34" hits="40"/><line number="36" hits="0"/><line number="37" hits="0"/><line number="38" hits="0"/><line number="43" hits="108"/><line number="44" hits="216"/><line number="45" hits="144"/><line number="47" hits="12"/><line number="48" hits="24"/><line number="50" hits="4"/><line number="51" hits="6"/><line number="52" hits="6"/><line number="53" hits="4"/><line number="55" hits="2"/><line number="56" hits="0"/><line number="57" hits="11"/><line number="58" hits="37"/><line number="59" hits="100"/><line number="61" hits="0"/><line number="62" hits="0"/><line number="63" hits="0"/><line number="64" hits="0"/><line number="67" hits="0"/><line number="68" hits="0"/><line number="72" hits="81"/><line number="76" hits="318"/><line number="77" hits="159"/><line number="79" hits="162"/><line number="80" hits="12"/><line number="81" hits="9"/></lines></class></classes></package><package name="src/impls/sqlparser" line-rate="0.7767857142857143" branch-rate="0" complexity="0"><classes><class name="check_constraint" filename="src/impls/sqlparser/check_constraint.rs" line-rate="0.7272727272727273" branch-rate="0" complexity="0"><methods/><lines><line number="18" hits="27"/><line number="19" hits="27"/><line number="23" hits="0"/><line number="24" hits="0"/><line number="25" hits="0"/><line number="31" hits="32"/><line number="35" hits="64"/><line number="36" hits="96"/><line number="42" hits="5"/><line number="46" hits="10"/><line number="47" hits="15"/></lines></class><class name="column_def" filename="src/impls/sqlparser/column_def.rs" line-rate="0.8636363636363636" branch-rate="0" complexity="0"><methods/><lines><line number="22" hits="419"/><line number="23" hits="419"/><line number="27" hits="0"/><line number="32" hits="0"/><line number="36" hits="24"/><line number="37" hits="48"/><line number="41" hits="19"/><line number="42" hits="57"/><line number="46" hits="14"/><line number="47" hits="14"/><line number="48" hits="14"/><line number="49" hits="14"/><line number="50" hits="14"/><line number="51" hits="22"/><line number="52" hits="16"/><line number="56" hits="6"/><line number="57" hits="16"/><line number="58" hits="8"/><line number="59" hits="4"/><line number="61" hits="0"/><line number="67" hits="47"/><line number="71" hits="47"/></lines></class><class name="create_function" filename="src/impls/sqlparser/create_function.rs" line-rate="1" branch-rate="0" complexity="0"><methods/><lines><line number="20" hits="55"/><line number="21" hits="55"/><line number="25" hits="4"/><line number="29" hits="4"/><line number="31" hits="24"/><line number="35" hits="6"/><line number="36" hits="18"/></lines></class><class name="create_table" filename="src/impls/sqlparser/create_table.rs" line-rate="0.8333333333333334" branch-rate="0" complexity="0"><methods/><lines><line number="20" hits="6099"/><line number="21" hits="6099"/><line number="25" hits="0"/><line number="30" hits="0"/><line number="34" hits="4598"/><line number="35" hits="9196"/><line number="36" hits="4598"/><line number="37" hits="20"/><line number="38" hits="10"/><line number="39" hits="10"/><line number="40" hits="10"/><line number="42" hits="0"/><line number="43" hits="0"/><line number="47" hits="4588"/><line number="51" hits="372"/><line number="58" hits="1860"/><line number="61" hits="271"/><line number="68" hits="1355"/><line number="71" hits="8"/><line number="78" hits="40"/><line number="81" hits="21"/><line number="88" hits="105"/><line number="91" hits="262"/><line number="98" hits="1310"/></lines></class><class name="foreign_key_constraint" filename="src/impls/sqlparser/foreign_key_constraint.rs" line-rate="0.6590909090909091" branch-rate="0" complexity="0"><methods/><lines><line number="19" hits="2"/><line number="20" hits="8"/><line number="24" hits="494"/><line number="31" hits="494"/><line number="34" hits="480"/><line number="38" hits="1440"/><line number="39" hits="480"/><line number="41" hits="1962"/><line number="42" hits="1482"/><line number="44" hits="480"/><line number="45" hits="0"/><line number="46" hits="0"/><line number="51" hits="2"/><line number="52" hits="5"/><line number="56" hits="5"/><line number="57" hits="15"/><line number="60" hits="150"/><line number="67" hits="600"/><line number="68" hits="455"/><line number="69" hits="310"/><line number="70" hits="155"/><line number="71" hits="501"/><line number="72" hits="155"/><line number="73" hits="0"/><line number="74" hits="0"/><line number="75" hits="0"/><line number="76" hits="0"/><line number="77" hits="0"/><line number="78" hits="0"/><line number="79" hits="0"/><line number="80" hits="0"/><line number="86" hits="120"/><line number="93" hits="480"/><line number="94" hits="480"/><line number="95" hits="366"/><line number="96" hits="252"/><line number="97" hits="126"/><line number="98" hits="396"/><line number="99" hits="126"/><line number="100" hits="0"/><line number="101" hits="0"/><line number="102" hits="0"/><line number="103" hits="0"/><line number="104" hits="0"/></lines></class><class name="unique_constraint" filename="src/impls/sqlparser/unique_constraint.rs" line-rate="1" branch-rate="0" complexity="0"><methods/><lines><line number="18" hits="14"/><line number="22" hits="14"/><line number="26" hits="16"/><line number="30" hits="64"/></lines></class></classes></package><package name="src/structs/metadata" line-rate="0.7543859649122807" branch-rate="0" complexity="0"><classes><class name="check_metadata" filename="src/structs/metadata/check_metadata.rs" line-rate="0.5555555555555556" branch-rate="0" complexity="0"><methods/><lines><line number="25" hits="43"/><line number="37" hits="0"/><line number="38" hits="0"/><line number="44" hits="0"/><line number="45" hits="0"/><line number="50" hits="32"/><line number="51" hits="64"/><line number="56" hits="5"/><line number="57" hits="10"/></lines></class><class name="index_metadata" filename="src/structs/metadata/index_metadata.rs" line-rate="0.6" branch-rate="0" complexity="0"><methods/><lines><line number="21" hits="164"/><line number="28" hits="16"/><line number="29" hits="16"/><line number="35" hits="0"/><line number="36" hits="0"/></lines></class><class name="table_attribute" filename="src/structs/metadata/table_attribute.rs" line-rate="0.7142857142857143" branch-rate="0" complexity="0"><methods/><lines><line number="20" hits="0"/><line number="21" hits="0"/><line number="29" hits="747"/><line number="35" hits="555"/><line number="36" hits="555"/><line number="41" hits="2333"/><line number="42" hits="2333"/></lines></class><class name="table_metadata" filename="src/structs/metadata/table_metadata.rs" line-rate="0.8333333333333334" branch-rate="0" complexity="0"><methods/><lines><line number="23" hits="243"/><line number="25" hits="486"/><line number="26" hits="486"/><line number="27" hits="486"/><line number="28" hits="243"/><line number="29" hits="243"/><line number="37" hits="372"/><line number="38" hits="744"/><line number="43" hits="366"/><line number="44" hits="366"/><line number="50" hits="43"/><line number="51" hits="43"/><line number="56" hits="21"/><line number="59" hits="42"/><line number="64" hits="0"/><line number="67" hits="0"/><line number="72" hits="8"/><line number="73" hits="16"/><line number="78" hits="0"/><line number="81" hits="0"/><line number="86" hits="262"/><line number="87" hits="524"/><line number="92" hits="0"/><line number="95" hits="0"/><line number="101" hits="271"/><line number="102" hits="542"/><line number="111" hits="425"/><line number="112" hits="1275"/><line number="121" hits="43"/><line number="125" hits="129"/><line number="134" hits="164"/><line number="135" hits="492"/><line number="144" hits="115"/><line number="145" hits="345"/><line number="153" hits="150"/><line number="154" hits="300"/></lines></class></classes></package><package name="src/impls" line-rate="0.7767857142857143" branch-rate="0" complexity="0"><classes></classes></package><package name="src/traits" line-rate="0.8714859437751004" branch-rate="0" complexity="0"><classes><class name="check_constraint" filename="src/traits/check_constraint.rs" line-rate="0.7830188679245284" branch-rate="0" complexity="0"><methods/><lines><line number="13" hits="20"/><line number="18" hits="2"/><line number="20" hits="6"/><line number="21" hits="6"/><line number="22" hits="4"/><line number="23" hits="2"/><line number="24" hits="0"/><line number="28" hits="3"/><line number="30" hits="6"/><line number="31" hits="10"/><line number="32" hits="4"/><line number="35" hits="9"/><line number="38" hits="0"/><line number="40" hits="0"/><line number="44" hits="3"/><line number="46" hits="6"/><line number="47" hits="9"/><line number="48" hits="3"/><line number="51" hits="9"/><line number="54" hits="0"/><line number="56" hits="0"/><line number="61" hits="0"/><line number="64" hits="18"/><line number="66" hits="10"/><line number="67" hits="4"/><line number="68" hits="8"/><line number="70" hits="2"/><line number="75" hits="6"/><line number="76" hits="4"/><line number="77" hits="8"/><line number="79" hits="2"/><line number="80" hits="1"/><line number="83" hits="0"/><line number="84" hits="4"/><line number="86" hits="0"/><line number="87" hits="0"/><line number="93" hits="6"/><line number="94" hits="0"/><line number="95" hits="0"/><line number="96" hits="0"/><line number="98" hits="0"/><line number="99" hits="0"/><line number="100" hits="0"/><line number="105" hits="5"/><line number="106" hits="0"/><line number="107" hits="4"/><line number="108" hits="4"/><line number="110" hits="0"/><line number="111" hits="0"/><line number="112" hits="1"/><line number="116" hits="2"/><line number="120" hits="2"/><line number="121" hits="6"/><line number="122" hits="1"/><line number="123" hits="1"/><line number="124" hits="0"/><line number="129" hits="0"/><line number="134" hits="31"/><line number="136" hits="5"/><line number="137" hits="10"/><line number="138" hits="10"/><line number="139" hits="5"/><line number="141" hits="0"/><line number="144" hits="15"/><line number="145" hits="21"/><line number="147" hits="16"/><line number="148" hits="32"/><line number="149" hits="35"/><line number="150" hits="7"/><line number="151" hits="14"/><line number="152" hits="7"/><line number="154" hits="32"/><line number="155" hits="3"/><line number="269" hits="2"/><line number="270" hits="8"/><line number="307" hits="2"/><line number="312" hits="10"/><line number="377" hits="2"/><line number="382" hits="8"/><line number="413" hits="2"/><line number="414" hits="6"/><line number="450" hits="10"/><line number="455" hits="50"/><line number="510" hits="11"/><line number="511" hits="55"/><line number="512" hits="44"/><line number="515" hits="33"/><line number="516" hits="7"/><line number="519" hits="4"/><line number="568" hits="5"/><line number="569" hits="25"/><line number="570" hits="20"/><line number="573" hits="15"/><line number="574" hits="4"/><line number="577" hits="1"/><line number="620" hits="6"/><line number="623" hits="24"/><line number="626" hits="11"/><line number="627" hits="3"/><line number="632" hits="4"/><line number="633" hits="12"/><line number="635" hits="4"/><line number="636" hits="0"/><line number="637" hits="4"/><line number="639" hits="0"/><line number="641" hits="1"/></lines></class><class name="column" filename="src/traits/column.rs" line-rate="0.8852459016393442" branch-rate="0" complexity="0"><methods/><lines><line number="130" hits="19"/><line number="131" hits="76"/><line number="132" hits="76"/><line number="161" hits="21"/><line number="162" hits="63"/><line number="191" hits="3"/><line number="192" hits="14"/><line number="276" hits="3"/><line number="277" hits="6"/><line number="338" hits="11"/><line number="345" hits="65"/><line number="346" hits="60"/><line number="396" hits="3"/><line number="401" hits="12"/><line number="402" hits="15"/><line number="403" hits="0"/><line number="405" hits="12"/><line number="406" hits="11"/><line number="443" hits="2"/><line number="450" hits="11"/><line number="485" hits="2"/><line number="486" hits="6"/><line number="522" hits="2"/><line number="529" hits="11"/><line number="615" hits="6"/><line number="616" hits="24"/><line number="617" hits="24"/><line number="620" hits="6"/><line number="621" hits="0"/><line number="626" hits="16"/><line number="627" hits="1"/><line number="630" hits="20"/><line number="631" hits="0"/><line number="634" hits="5"/><line number="635" hits="20"/><line number="636" hits="5"/><line number="637" hits="20"/><line number="639" hits="12"/><line number="641" hits="1"/><line number="646" hits="16"/><line number="647" hits="8"/><line number="649" hits="16"/><line number="650" hits="8"/><line number="654" hits="8"/><line number="656" hits="28"/><line number="658" hits="8"/><line number="660" hits="25"/><line number="664" hits="12"/><line number="665" hits="12"/><line number="667" hits="38"/><line number="701" hits="4"/><line number="705" hits="16"/><line number="706" hits="4"/><line number="707" hits="8"/><line number="708" hits="28"/><line number="737" hits="2"/><line number="738" hits="6"/><line number="750" hits="0"/><line number="754" hits="0"/><line number="764" hits="0"/><line number="765" hits="0"/></lines></class><class name="database" filename="src/traits/database.rs" line-rate="0.8787878787878788" branch-rate="0" complexity="0"><methods/><lines><line number="86" hits="2"/><line number="87" hits="4"/><line number="115" hits="1"/><line number="116" hits="17"/><line number="138" hits="1"/><line number="139" hits="13"/><line number="173" hits="2"/><line number="174" hits="8"/><line number="176" hits="4"/><line number="179" hits="8"/><line number="180" hits="18"/><line number="181" hits="6"/><line number="182" hits="12"/><line number="183" hits="6"/><line number="184" hits="10"/><line number="185" hits="16"/><line number="187" hits="4"/><line number="188" hits="0"/><line number="190" hits="16"/><line number="191" hits="0"/><line number="192" hits="0"/><line number="193" hits="0"/><line number="195" hits="14"/><line number="201" hits="2"/><line number="204" hits="4"/><line number="206" hits="6"/><line number="207" hits="6"/><line number="208" hits="4"/><line number="211" hits="10"/><line number="213" hits="6"/><line number="214" hits="26"/><line number="215" hits="6"/><line number="218" hits="2"/></lines></class><class name="foreign_key" filename="src/traits/foreign_key.rs" line-rate="0.9891304347826086" branch-rate="0" complexity="0"><methods/><lines><line number="235" hits="2"/><line number="239" hits="8"/><line number="240" hits="6"/><line number="241" hits="6"/><line number="283" hits="3"/><line number="284" hits="18"/><line number="285" hits="3"/><line number="286" hits="12"/><line number="287" hits="13"/><line number="288" hits="12"/><line number="289" hits="4"/><line number="290" hits="2"/><line number="292" hits="12"/><line number="293" hits="2"/><line number="294" hits="2"/><line number="295" hits="2"/><line number="298" hits="1"/><line number="329" hits="1"/><line number="330" hits="4"/><line number="372" hits="14"/><line number="373" hits="42"/><line number="434" hits="4"/><line number="435" hits="10"/><line number="482" hits="5"/><line number="483" hits="10"/><line number="484" hits="20"/><line number="544" hits="3"/><line number="545" hits="12"/><line number="633" hits="2"/><line number="637" hits="8"/><line number="638" hits="6"/><line number="639" hits="6"/><line number="681" hits="108"/><line number="682" hits="432"/><line number="739" hits="3"/><line number="740" hits="12"/><line number="741" hits="12"/><line number="742" hits="9"/><line number="782" hits="110"/><line number="783" hits="440"/><line number="784" hits="550"/><line number="785" hits="550"/><line number="787" hits="1092"/><line number="788" hits="110"/><line number="789" hits="2"/><line number="791" hits="216"/><line number="792" hits="216"/><line number="796" hits="430"/><line number="847" hits="3"/><line number="854" hits="12"/><line number="855" hits="18"/><line number="856" hits="9"/><line number="857" hits="6"/><line number="858" hits="36"/><line number="859" hits="18"/><line number="860" hits="23"/><line number="902" hits="99"/><line number="903" hits="594"/><line number="904" hits="495"/><line number="906" hits="966"/><line number="907" hits="99"/><line number="908" hits="6"/><line number="910" hits="186"/><line number="911" hits="186"/><line number="915" hits="372"/><line number="957" hits="2"/><line number="958" hits="14"/><line number="959" hits="12"/><line number="960" hits="13"/><line number="1003" hits="2"/><line number="1004" hits="8"/><line number="1005" hits="12"/><line number="1006" hits="12"/><line number="1007" hits="16"/><line number="1059" hits="97"/><line number="1060" hits="291"/><line number="1061" hits="276"/><line number="1062" hits="184"/><line number="1107" hits="9"/><line number="1108" hits="27"/><line number="1109" hits="1"/><line number="1111" hits="24"/><line number="1112" hits="0"/><line number="1114" hits="32"/><line number="1115" hits="24"/><line number="1116" hits="16"/><line number="1117" hits="8"/><line number="1118" hits="30"/><line number="1162" hits="2"/><line number="1170" hits="8"/><line number="1171" hits="6"/><line number="1172" hits="11"/></lines></class><class name="function_like" filename="src/traits/function_like.rs" line-rate="1" branch-rate="0" complexity="0"><methods/><lines><line number="83" hits="2"/><line number="84" hits="10"/><line number="138" hits="3"/><line number="139" hits="12"/></lines></class><class name="table" filename="src/traits/table.rs" line-rate="0.877906976744186" branch-rate="0" complexity="0"><methods/><lines><line number="59" hits="2"/><line number="60" hits="6"/><line number="61" hits="24"/><line number="143" hits="2"/><line number="144" hits="6"/><line number="167" hits="1"/><line number="168" hits="4"/><line number="193" hits="74"/><line number="201" hits="480"/><line number="236" hits="4"/><line number="237" hits="24"/><line number="313" hits="2"/><line number="317" hits="8"/><line number="318" hits="6"/><line number="319" hits="4"/><line number="320" hits="1"/><line number="322" hits="1"/><line number="351" hits="2"/><line number="352" hits="6"/><line number="353" hits="3"/><line number="384" hits="2"/><line number="385" hits="19"/><line number="415" hits="21"/><line number="420" hits="89"/><line number="421" hits="54"/><line number="448" hits="21"/><line number="449" hits="63"/><line number="476" hits="3"/><line number="483" hits="6"/><line number="484" hits="12"/><line number="486" hits="24"/><line number="515" hits="2"/><line number="516" hits="6"/><line number="542" hits="2"/><line number="543" hits="6"/><line number="605" hits="3"/><line number="612" hits="24"/><line number="641" hits="2"/><line number="642" hits="6"/><line number="674" hits="2"/><line number="675" hits="6"/><line number="770" hits="3"/><line number="771" hits="9"/><line number="801" hits="2"/><line number="802" hits="12"/><line number="842" hits="1"/><line number="850" hits="4"/><line number="851" hits="7"/><line number="852" hits="12"/><line number="853" hits="16"/><line number="854" hits="6"/><line number="886" hits="1"/><line number="890" hits="2"/><line number="892" hits="7"/><line number="893" hits="8"/><line number="896" hits="1"/><line number="897" hits="2"/><line number="899" hits="1"/><line number="911" hits="0"/><line number="915" hits="0"/><line number="916" hits="0"/><line number="917" hits="0"/><line number="944" hits="153"/><line number="951" hits="891"/><line number="985" hits="123"/><line number="989" hits="681"/><line number="1025" hits="6"/><line number="1029" hits="15"/><line number="1030" hits="15"/><line number="1032" hits="3"/><line number="1060" hits="5"/><line number="1064" hits="5"/><line number="1066" hits="5"/><line number="1067" hits="49"/><line number="1096" hits="4"/><line number="1097" hits="12"/><line number="1144" hits="22"/><line number="1152" hits="86"/><line number="1153" hits="80"/><line number="1154" hits="20"/><line number="1155" hits="56"/><line number="1199" hits="4"/><line number="1207" hits="16"/><line number="1208" hits="13"/><line number="1239" hits="106"/><line number="1243" hits="530"/><line number="1244" hits="318"/><line number="1246" hits="206"/><line number="1247" hits="250"/><line number="1248" hits="100"/><line number="1251" hits="106"/><line number="1252" hits="212"/><line number="1254" hits="106"/><line number="1290" hits="1"/><line number="1297" hits="4"/><line number="1299" hits="1"/><line number="1300" hits="0"/><line number="1303" hits="1"/><line number="1304" hits="11"/><line number="1306" hits="4"/><line number="1307" hits="2"/><line number="1308" hits="2"/><line number="1309" hits="8"/><line number="1310" hits="4"/><line number="1313" hits="1"/><line number="1347" hits="12"/><line number="1355" hits="24"/><line number="1357" hits="45"/><line number="1358" hits="45"/><line number="1359" hits="24"/><line number="1361" hits="32"/><line number="1365" hits="12"/><line number="1366" hits="24"/><line number="1368" hits="12"/><line number="1397" hits="6"/><line number="1398" hits="18"/><line number="1430" hits="29"/><line number="1431" hits="87"/><line number="1476" hits="3"/><line number="1477" hits="12"/><line number="1478" hits="12"/><line number="1480" hits="21"/><line number="1481" hits="2"/><line number="1482" hits="4"/><line number="1483" hits="2"/><line number="1511" hits="5"/><line number="1518" hits="35"/><line number="1553" hits="3"/><line number="1560" hits="18"/><line number="1587" hits="1"/><line number="1588" hits="3"/><line number="1622" hits="2"/><line number="1623" hits="6"/><line number="1664" hits="16"/><line number="1665" hits="16"/><line number="1666" hits="3"/><line number="1668" hits="48"/><line number="1669" hits="36"/><line number="1670" hits="9"/><line number="1671" hits="15"/><line number="1705" hits="3"/><line number="1709" hits="15"/><line number="1710" hits="18"/><line number="1711" hits="22"/><line number="1712" hits="3"/><line number="1714" hits="3"/><line number="1745" hits="2"/><line number="1746" hits="6"/><line number="1799" hits="16"/><line number="1807" hits="106"/><line number="1808" hits="6"/><line number="1811" hits="39"/><line number="1812" hits="7"/><line number="1813" hits="27"/><line number="1815" hits="7"/><line number="1819" hits="3"/><line number="1830" hits="0"/><line number="1831" hits="0"/><line number="1834" hits="0"/><line number="1838" hits="0"/><line number="1841" hits="0"/><line number="1842" hits="0"/><line number="1845" hits="0"/><line number="1852" hits="0"/><line number="1855" hits="0"/><line number="1862" hits="0"/><line number="1865" hits="0"/><line number="1872" hits="0"/><line number="1875" hits="0"/><line number="1882" hits="0"/><line number="1885" hits="0"/><line number="1892" hits="0"/></lines></class><class name="unique_index" filename="src/traits/unique_index.rs" line-rate="0.7333333333333333" branch-rate="0" complexity="0"><methods/><lines><line number="10" hits="16"/><line number="11" hits="16"/><line number="12" hits="42"/><line number="13" hits="0"/><line number="14" hits="2"/><line number="15" hits="4"/><line number="16" hits="10"/><line number="17" hits="12"/><line number="19" hits="2"/><line number="21" hits="0"/><line number="22" hits="0"/><line number="23" hits="0"/><line number="24" hits="0"/><line number="26" hits="0"/><line number="27" hits="0"/><line number="86" hits="2"/><line number="87" hits="16"/><line number="112" hits="2"/><line number="113" hits="8"/><line number="114" hits="4"/><line number="115" hits="4"/><line number="116" hits="0"/><line number="118" hits="2"/><line number="145" hits="12"/><line number="152" hits="48"/><line number="153" hits="48"/><line number="154" hits="24"/><line number="155" hits="30"/><line number="156" hits="4"/><line number="158" hits="92"/></lines></class></classes></package><package name="src/structs" line-rate="0.6630434782608695" branch-rate="0" complexity="0"><classes><class name="generic_db" filename="src/structs/generic_db.rs" line-rate="0.375" branch-rate="0" complexity="0"><methods/><lines><line number="53" hits="0"/><line number="54" hits="0"/><line number="55" hits="0"/><line number="56" hits="0"/><line number="57" hits="0"/><line number="58" hits="0"/><line number="59" hits="0"/><line number="60" hits="0"/><line number="61" hits="0"/><line number="62" hits="0"/><line number="76" hits="0"/><line number="78" hits="0"/><line number="79" hits="0"/><line number="80" hits="0"/><line number="81" hits="0"/><line number="82" hits="0"/><line number="83" hits="0"/><line number="84" hits="0"/><line number="85" hits="0"/><line number="101" hits="0"/><line number="102" hits="0"/><line number="107" hits="934"/><line number="108" hits="934"/><line number="110" hits="934"/><line number="111" hits="3736"/><line number="112" hits="934"/><line number="114" hits="2876"/><line number="116" hits="8628"/><line number="117" hits="2876"/><line number="122" hits="1868"/><line number="127" hits="0"/><line number="128" hits="0"/><line number="129" hits="0"/><line number="131" hits="0"/><line number="136" hits="16"/><line number="137" hits="16"/><line number="138" hits="130"/><line number="140" hits="32"/><line number="145" hits="37"/><line number="146" hits="37"/><line number="147" hits="322"/><line number="149" hits="74"/><line number="154" hits="0"/><line number="155" hits="0"/><line number="156" hits="0"/><line number="158" hits="0"/><line number="167" hits="10"/><line number="168" hits="10"/><line number="169" hits="82"/><line number="171" hits="28"/><line number="180" hits="0"/><line number="181" hits="0"/><line number="182" hits="0"/><line number="184" hits="0"/><line number="190" hits="0"/><line number="191" hits="0"/></lines></class></classes></package><package name="src/structs/generic_db" line-rate="0.6945244956772334" branch-rate="0" complexity="0"><classes><class name="builder" filename="src/structs/generic_db/builder.rs" line-rate="0.71875" branch-rate="0" complexity="0"><methods/><lines><line number="51" hits="120"/><line number="55" hits="240"/><line number="56" hits="240"/><line number="57" hits="240"/><line number="58" hits="240"/><line number="59" hits="120"/><line number="60" hits="120"/><line number="77" hits="0"/><line number="78" hits="0"/><line number="79" hits="0"/><line number="84" hits="243"/><line number="85" hits="729"/><line number="86" hits="243"/><line number="91" hits="0"/><line number="92" hits="0"/><line number="93" hits="0"/><line number="99" hits="425"/><line number="100" hits="1275"/><line number="101" hits="425"/><line number="107" hits="0"/><line number="108" hits="0"/><line number="109" hits="0"/><line number="115" hits="164"/><line number="116" hits="492"/><line number="117" hits="164"/><line number="123" hits="0"/><line number="127" hits="0"/><line number="128" hits="0"/><line number="134" hits="115"/><line number="135" hits="345"/><line number="136" hits="115"/><line number="142" hits="0"/><line number="143" hits="0"/><line number="144" hits="0"/><line number="150" hits="17"/><line number="151" hits="51"/><line number="152" hits="17"/><line number="158" hits="0"/><line number="162" hits="0"/><line number="163" hits="0"/><line number="168" hits="43"/><line number="169" hits="139"/><line number="174" hits="90"/><line number="175" hits="90"/><line number="180" hits="43"/><line number="181" hits="129"/><line number="182" hits="43"/><line number="196" hits="120"/><line number="197" hits="240"/><line number="199" hits="602"/><line number="201" hits="1086"/><line number="202" hits="362"/><line number="206" hits="1917"/><line number="207" hits="609"/><line number="208" hits="441"/><line number="209" hits="267"/><line number="210" hits="396"/><line number="214" hits="240"/><line number="215" hits="240"/><line number="216" hits="240"/><line number="217" hits="240"/><line number="218" hits="240"/><line number="219" hits="120"/><line number="220" hits="120"/></lines></class><class name="database" filename="src/structs/generic_db/database.rs" line-rate="0.47368421052631576" branch-rate="0" complexity="0"><methods/><lines><line number="28" hits="0"/><line number="29" hits="0"/><line number="33" hits="0"/><line number="34" hits="0"/><line number="38" hits="0"/><line number="39" hits="0"/><line number="42" hits="176"/><line number="44" hits="352"/><line number="45" hits="176"/><line number="46" hits="1196"/><line number="48" hits="528"/><line number="52" hits="495"/><line number="53" hits="4020"/><line number="57" hits="4"/><line number="58" hits="20"/><line number="61" hits="0"/><line number="62" hits="0"/><line number="63" hits="0"/><line number="65" hits="0"/></lines></class><class name="sqlparser" filename="src/structs/generic_db/sqlparser.rs" line-rate="0.7123287671232876" branch-rate="0" complexity="0"><methods/><lines><line number="39" hits="43"/><line number="56" hits="43"/><line number="57" hits="43"/><line number="58" hits="43"/><line number="61" hits="43"/><line number="62" hits="43"/><line number="64" hits="43"/><line number="68" hits="164"/><line number="69" hits="328"/><line number="71" hits="1342"/><line number="73" hits="492"/><line number="74" hits="492"/><line number="81" hits="164"/><line number="88" hits="984"/><line number="89" hits="492"/><line number="90" hits="820"/><line number="91" hits="164"/><line number="95" hits="425"/><line number="118" hits="629"/><line number="119" hits="204"/><line number="120" hits="23"/><line number="121" hits="69"/><line number="122" hits="46"/><line number="123" hits="46"/><line number="125" hits="92"/><line number="126" hits="46"/><line number="128" hits="23"/><line number="129" hits="23"/><line number="130" hits="23"/><line number="131" hits="23"/><line number="133" hits="69"/><line number="134" hits="23"/><line number="135" hits="23"/><line number="136" hits="23"/><line number="137" hits="46"/><line number="138" hits="23"/><line number="139" hits="23"/><line number="143" hits="50"/><line number="144" hits="125"/><line number="145" hits="175"/><line number="146" hits="125"/><line number="147" hits="100"/><line number="149" hits="10"/><line number="150" hits="20"/><line number="151" hits="10"/><line number="152" hits="15"/><line number="153" hits="10"/><line number="154" hits="10"/><line number="156" hits="10"/><line number="158" hits="15"/><line number="159" hits="15"/><line number="160" hits="25"/><line number="161" hits="20"/><line number="163" hits="138"/><line number="171" hits="552"/><line number="179" hits="414"/><line number="185" hits="276"/><line number="186" hits="276"/><line number="188" hits="690"/><line number="189" hits="828"/><line number="191" hits="552"/><line number="193" hits="13"/><line number="196" hits="425"/><line number="200" hits="243"/><line number="223" hits="374"/><line number="224" hits="131"/><line number="225" hits="18"/><line number="226" hits="27"/><line number="227" hits="36"/><line number="228" hits="45"/><line number="229" hits="36"/><line number="231" hits="90"/><line number="233" hits="189"/><line number="234" hits="198"/><line number="236" hits="331"/><line number="238" hits="99"/><line number="239" hits="0"/><line number="240" hits="0"/><line number="241" hits="0"/><line number="247" hits="270"/><line number="249" hits="180"/><line number="252" hits="328"/><line number="253" hits="360"/><line number="254" hits="340"/><line number="256" hits="270"/><line number="257" hits="90"/><line number="259" hits="0"/><line number="260" hits="0"/><line number="261" hits="0"/><line number="266" hits="189"/><line number="267" hits="198"/><line number="268" hits="99"/><line number="270" hits="319"/><line number="272" hits="99"/><line number="273" hits="0"/><line number="274" hits="0"/><line number="275" hits="0"/><line number="276" hits="0"/><line number="277" hits="0"/><line number="283" hits="630"/><line number="284" hits="360"/><line number="285" hits="450"/><line number="287" hits="20"/><line number="288" hits="20"/><line number="289" hits="120"/><line number="290" hits="80"/><line number="291" hits="40"/><line number="293" hits="20"/><line number="294" hits="20"/><line number="295" hits="20"/><line number="296" hits="20"/><line number="298" hits="60"/><line number="299" hits="20"/><line number="300" hits="20"/><line number="301" hits="20"/><line number="302" hits="40"/><line number="303" hits="20"/><line number="304" hits="20"/><line number="308" hits="12"/><line number="309" hits="24"/><line number="310" hits="36"/><line number="317" hits="48"/><line number="318" hits="24"/><line number="319" hits="24"/><line number="320" hits="84"/><line number="321" hits="120"/><line number="323" hits="24"/><line number="330" hits="36"/><line number="334" hits="36"/><line number="335" hits="24"/><line number="336" hits="12"/><line number="341" hits="12"/><line number="342" hits="12"/><line number="344" hits="48"/><line number="345" hits="60"/><line number="347" hits="36"/><line number="349" hits="0"/><line number="352" hits="243"/><line number="373" hits="120"/><line number="377" hits="360"/><line number="379" hits="380"/><line number="380" hits="0"/><line number="381" hits="34"/><line number="382" hits="85"/><line number="384" hits="243"/><line number="385" hits="729"/><line number="386" hits="729"/><line number="389" hits="1336"/><line number="390" hits="2975"/><line number="391" hits="1275"/><line number="395" hits="911"/><line number="396" hits="850"/><line number="397" hits="425"/><line number="398" hits="425"/><line number="399" hits="425"/><line number="400" hits="425"/><line number="402" hits="2550"/><line number="406" hits="486"/><line number="407" hits="243"/><line number="408" hits="243"/><line number="409" hits="243"/><line number="410" hits="243"/><line number="413" hits="1215"/><line number="415" hits="0"/><line number="417" hits="0"/><line number="418" hits="0"/><line number="419" hits="0"/><line number="420" hits="0"/><line number="422" hits="0"/><line number="424" hits="0"/><line number="437" hits="0"/><line number="446" hits="120"/><line number="453" hits="120"/><line number="454" hits="240"/><line number="455" hits="600"/><line number="456" hits="360"/><line number="457" hits="480"/><line number="461" hits="0"/><line number="462" hits="0"/><line number="463" hits="0"/><line number="464" hits="0"/><line number="465" hits="0"/><line number="466" hits="0"/><line number="467" hits="0"/><line number="468" hits="0"/><line number="469" hits="0"/><line number="470" hits="0"/><line number="471" hits="0"/><line number="473" hits="0"/><line number="476" hits="0"/><line number="477" hits="0"/><line number="479" hits="0"/><line number="481" hits="0"/><line number="487" hits="0"/><line number="488" hits="0"/><line number="489" hits="0"/><line number="490" hits="0"/><line number="491" hits="0"/><line number="492" hits="0"/><line number="493" hits="0"/><line number="494" hits="0"/><line number="496" hits="0"/><line number="503" hits="0"/><line number="504" hits="0"/><line number="505" hits="0"/><line number="506" hits="0"/><line number="507" hits="0"/><line number="508" hits="0"/><line number="509" hits="0"/><line number="511" hits="0"/><line number="514" hits="0"/><line number="515" hits="0"/><line number="517" hits="0"/><line number="518" hits="0"/><line number="519" hits="0"/><line number="520" hits="0"/><line number="521" hits="0"/><line number="522" hits="0"/><line number="526" hits="0"/></lines></class></classes></package><package name="src/utils" line-rate="0.6336633663366337" branch-rate="0" complexity="0"><classes><class name="columns_in_expression" filename="src/utils/columns_in_expression.rs" line-rate="0.5423728813559322" branch-rate="0" complexity="0"><methods/><lines><line number="25" hits="159"/><line number="30" hits="318"/><line number="32" hits="159"/><line number="33" hits="48"/><line number="34" hits="306"/><line number="36" hits="144"/><line number="38" hits="0"/><line number="39" hits="0"/><line number="40" hits="0"/><line number="44" hits="0"/><line number="45" hits="0"/><line number="46" hits="0"/><line number="47" hits="0"/><line number="49" hits="0"/><line number="51" hits="0"/><line number="52" hits="0"/><line number="53" hits="0"/><line number="58" hits="72"/><line number="59" hits="216"/><line number="60" hits="216"/><line number="62" hits="6"/><line number="63" hits="36"/><line number="65" hits="3"/><line number="66" hits="6"/><line number="67" hits="6"/><line number="68" hits="6"/><line number="70" hits="2"/><line number="71" hits="0"/><line number="72" hits="11"/><line number="73" hits="12"/><line number="74" hits="150"/><line number="76" hits="10"/><line number="77" hits="20"/><line number="78" hits="20"/><line number="79" hits="0"/><line number="80" hits="0"/><line number="81" hits="0"/><line number="82" hits="0"/><line number="84" hits="0"/><line number="85" hits="10"/><line number="86" hits="0"/><line number="87" hits="60"/><line number="89" hits="0"/><line number="90" hits="0"/><line number="91" hits="0"/><line number="96" hits="0"/><line number="97" hits="0"/><line number="98" hits="0"/><line number="99" hits="0"/><line number="102" hits="0"/><line number="103" hits="0"/><line number="107" hits="33"/><line number="111" hits="318"/><line number="112" hits="159"/><line number="113" hits="159"/><line number="114" hits="310"/><line number="115" hits="604"/><line number="116" hits="453"/><line number="118" hits="159"/></lines></class><class name="last_str" filename="src/utils/last_str.rs" line-rate="0.75" branch-rate="0" complexity="0"><methods/><lines><line number="16" hits="6634"/><line number="17" hits="13268"/><line number="18" hits="13268"/><line number="19" hits="0"/></lines></class><class name="normalize_postgres_type" filename="src/utils/normalize_postgres_type.rs" line-rate="1" branch-rate="0" complexity="0"><methods/><lines><line number="23" hits="27"/><line number="24" hits="27"/><line number="25" hits="82"/><line number="26" hits="80"/><line number="27" hits="68"/><line number="28" hits="40"/><line number="29" hits="40"/><line number="30" hits="40"/><line number="31" hits="40"/><line number="32" hits="40"/><line number="33" hits="38"/><line number="34" hits="23"/><line number="35" hits="15"/><line number="36" hits="30"/><line number="37" hits="30"/><line number="38" hits="30"/><line number="39" hits="30"/><line number="40" hits="15"/><line number="41" hits="15"/></lines></class><class name="normalize_sqlparser_type" filename="src/utils/normalize_sqlparser_type.rs" line-rate="0.5263157894736842" branch-rate="0" complexity="0"><methods/><lines><line number="8" hits="34"/><line number="9" hits="0"/><line number="10" hits="0"/><line number="11" hits="7"/><line number="12" hits="1"/><line number="13" hits="19"/><line number="14" hits="1"/><line number="15" hits="0"/><line number="16" hits="0"/><line number="17" hits="0"/><line number="18" hits="0"/><line number="19" hits="12"/><line number="20" hits="18"/><line number="21" hits="6"/><line number="22" hits="0"/><line number="24" hits="6"/><line number="25" hits="0"/><line number="27" hits="6"/><line number="34" hits="0"/></lines></class></classes></package><package name="src" line-rate="0.7600341588385995" branch-rate="0" complexity="0"><classes></classes></package></packages></coverage>